#
# There is insufficient memory for the Java Runtime Environment to continue.
# Native memory allocation (malloc) failed to allocate 32744 bytes for ChunkPool::allocate
# Possible reasons:
#   The system is out of physical RAM or swap space
#   In 32 bit mode, the process size limit was hit
# Possible solutions:
#   Reduce memory load on the system
#   Increase physical memory or swap space
#   Check if swap backing store is full
#   Use 64 bit Java on a 64 bit OS
#   Decrease Java heap size (-Xmx/-Xms)
#   Decrease number of Java threads
#   Decrease Java thread stack sizes (-Xss)
#   Set larger code cache with -XX:ReservedCodeCacheSize=
# This output file may be truncated or incomplete.
#
#  Out of Memory Error (allocation.cpp:273), pid=6508, tid=0x0000000000004428
#
# JRE version: Java(TM) SE Runtime Environment (8.0_181-b13) (build 1.8.0_181-b13)
# Java VM: Java HotSpot(TM) 64-Bit Server VM (25.181-b13 mixed mode windows-amd64 compressed oops)
# Failed to write core dump. Minidumps are not enabled by default on client versions of Windows
#

---------------  T H R E A D  ---------------

Current thread (0x000000001cb08800):  VMThread [stack: 0x000000001ec00000,0x000000001ed00000] [id=17448]

Stack: [0x000000001ec00000,0x000000001ed00000]
[error occurred during error reporting (printing stack bounds), id 0xc0000005]

Native frames: (J=compiled Java code, j=interpreted, Vv=VM code, C=native code)

VM_Operation (0x0000000002f7b310): CollectForMetadataAllocation, mode: safepoint, requested by thread 0x0000000002fd7800


---------------  P R O C E S S  ---------------

Java Threads: ( => current thread )
  0x000000001fac6000 JavaThread "rebel-weak-reaper" daemon [_thread_blocked, id=17968, stack(0x000000001fc00000,0x000000001fd00000)]
  0x000000001faca000 JavaThread "rebel-fsnotify-OutputReader" daemon [_thread_in_native, id=2332, stack(0x0000000020c10000,0x0000000020d10000)]
  0x000000001faca800 JavaThread "rebel-fsnotify-OutputReader" daemon [_thread_in_native, id=5176, stack(0x0000000020b10000,0x0000000020c10000)]
  0x000000001fac8800 JavaThread "rebel-fsnotify-ShutdownOnTermination" daemon [_thread_blocked, id=17364, stack(0x0000000020a10000,0x0000000020b10000)]
  0x000000001fa9b800 JavaThread "rebel-CacheKeepAlive" daemon [_thread_blocked, id=11344, stack(0x0000000020700000,0x0000000020800000)]
  0x000000001f9fa000 JavaThread "rebel-logger" daemon [_thread_blocked, id=16568, stack(0x0000000020400000,0x0000000020500000)]
  0x000000001de4c000 JavaThread "JDWP Command Reader" daemon [_thread_in_native, id=20252, stack(0x000000001f300000,0x000000001f400000)]
  0x000000001de45000 JavaThread "JDWP Event Helper Thread" daemon [_thread_blocked, id=4036, stack(0x000000001f200000,0x000000001f300000)]
  0x000000001de36800 JavaThread "JDWP Transport Listener: dt_socket" daemon [_thread_blocked, id=19864, stack(0x000000001f100000,0x000000001f200000)]
  0x000000001de2c000 JavaThread "Attach Listener" daemon [_thread_blocked, id=10304, stack(0x000000001f000000,0x000000001f100000)]
  0x000000001de2b800 JavaThread "Signal Dispatcher" daemon [_thread_blocked, id=1272, stack(0x000000001ef00000,0x000000001f000000)]
  0x000000001cb0f800 JavaThread "Finalizer" daemon [_thread_blocked, id=17460, stack(0x000000001ee00000,0x000000001ef00000)]
  0x000000001cb0e000 JavaThread "Reference Handler" daemon [_thread_blocked, id=20320, stack(0x000000001ed00000,0x000000001ee00000)]
  0x0000000002fd7800 JavaThread "main" [_thread_blocked, id=18616, stack(0x0000000002e80000,0x0000000002f80000)]

Other Threads:
=>0x000000001cb08800 VMThread [stack: 0x000000001ec00000,0x000000001ed00000] [id=17448]

VM state:at safepoint (normal execution)

VM Mutex/Monitor currently owned by a thread:  ([mutex/lock_event])
[0x0000000002fd4c40] Threads_lock - owner thread: 0x000000001cb08800
[0x0000000002fd5450] Heap_lock - owner thread: 0x0000000002fd7800

Heap:
 PSYoungGen      total 75264K, used 9376K [0x000000076c300000, 0x0000000771700000, 0x00000007c0000000)
  eden space 64512K, 0% used [0x000000076c300000,0x000000076c300000,0x0000000770200000)
  from space 10752K, 87% used [0x0000000770200000,0x0000000770b28008,0x0000000770c80000)
  to   space 10752K, 0% used [0x0000000770c80000,0x0000000770c80000,0x0000000771700000)
 ParOldGen       total 172032K, used 0K [0x00000006c4800000, 0x00000006cf000000, 0x000000076c300000)
  object space 172032K, 0% used [0x00000006c4800000,0x00000006c4800000,0x00000006cf000000)
 Metaspace       used 17625K, capacity 18590K, committed 18688K, reserved 1069056K
  class space    used 2225K, capacity 2535K, committed 2560K, reserved 1048576K

Card table byte_map: [0x0000000012660000,0x0000000012e40000] byte_map_base: 0x000000000f03c000

Marking Bits: (ParMarkBitMap*) 0x000000005b922d00
 Begin Bits: [0x0000000013b80000, 0x0000000017a60000)
 End Bits:   [0x0000000017a60000, 0x000000001b940000)

Polling page: 0x00000000029f0000

CodeCache: size=245760Kb used=558Kb max_used=558Kb free=245201Kb
 bounds [0x00000000032a0000, 0x0000000003510000, 0x00000000122a0000]
 total_blobs=355 nmethods=55 adapters=273
 compilation: enabled

Compilation events (0 events):
No events

GC Heap History (7 events):
Event: 1.473 GC heap before
{Heap before GC invocations=1 (full 0):
 PSYoungGen      total 75264K, used 64512K [0x000000076c300000, 0x0000000771700000, 0x00000007c0000000)
  eden space 64512K, 100% used [0x000000076c300000,0x0000000770200000,0x0000000770200000)
  from space 10752K, 0% used [0x0000000770c80000,0x0000000770c80000,0x0000000771700000)
  to   space 10752K, 0% used [0x0000000770200000,0x0000000770200000,0x0000000770c80000)
 ParOldGen       total 172032K, used 0K [0x00000006c4800000, 0x00000006cf000000, 0x000000076c300000)
  object space 172032K, 0% used [0x00000006c4800000,0x00000006c4800000,0x00000006cf000000)
 Metaspace       used 14797K, capacity 15802K, committed 16000K, reserved 1062912K
  class space    used 1819K, capacity 2141K, committed 2176K, reserved 1048576K
Event: 1.481 GC heap after
Heap after GC invocations=1 (full 0):
 PSYoungGen      total 75264K, used 9861K [0x000000076c300000, 0x0000000771700000, 0x00000007c0000000)
  eden space 64512K, 0% used [0x000000076c300000,0x000000076c300000,0x0000000770200000)
  from space 10752K, 91% used [0x0000000770200000,0x0000000770ba17b8,0x0000000770c80000)
  to   space 10752K, 0% used [0x0000000770c80000,0x0000000770c80000,0x0000000771700000)
 ParOldGen       total 172032K, used 0K [0x00000006c4800000, 0x00000006cf000000, 0x000000076c300000)
  object space 172032K, 0% used [0x00000006c4800000,0x00000006c4800000,0x00000006cf000000)
 Metaspace       used 14797K, capacity 15802K, committed 16000K, reserved 1062912K
  class space    used 1819K, capacity 2141K, committed 2176K, reserved 1048576K
}
Event: 3.624 GC heap before
{Heap before GC invocations=2 (full 0):
 PSYoungGen      total 75264K, used 74373K [0x000000076c300000, 0x0000000771700000, 0x00000007c0000000)
  eden space 64512K, 100% used [0x000000076c300000,0x0000000770200000,0x0000000770200000)
  from space 10752K, 91% used [0x0000000770200000,0x0000000770ba17b8,0x0000000770c80000)
  to   space 10752K, 0% used [0x0000000770c80000,0x0000000770c80000,0x0000000771700000)
 ParOldGen       total 172032K, used 0K [0x00000006c4800000, 0x00000006cf000000, 0x000000076c300000)
  object space 172032K, 0% used [0x00000006c4800000,0x00000006c4800000,0x00000006cf000000)
 Metaspace       used 17370K, capacity 18364K, committed 18688K, reserved 1064960K
  class space    used 2191K, capacity 2502K, committed 2560K, reserved 1048576K
Event: 3.636 GC heap after
Heap after GC invocations=2 (full 0):
 PSYoungGen      total 75264K, used 10658K [0x000000076c300000, 0x0000000771700000, 0x00000007c0000000)
  eden space 64512K, 0% used [0x000000076c300000,0x000000076c300000,0x0000000770200000)
  from space 10752K, 99% used [0x0000000770c80000,0x00000007716e8a50,0x0000000771700000)
  to   space 10752K, 0% used [0x0000000770200000,0x0000000770200000,0x0000000770c80000)
 ParOldGen       total 172032K, used 0K [0x00000006c4800000, 0x00000006cf000000, 0x000000076c300000)
  object space 172032K, 0% used [0x00000006c4800000,0x00000006c4800000,0x00000006cf000000)
 Metaspace       used 17370K, capacity 18364K, committed 18688K, reserved 1064960K
  class space    used 2191K, capacity 2502K, committed 2560K, reserved 1048576K
}
Event: 3.749 GC heap before
{Heap before GC invocations=3 (full 0):
 PSYoungGen      total 75264K, used 13961K [0x000000076c300000, 0x0000000771700000, 0x00000007c0000000)
  eden space 64512K, 5% used [0x000000076c300000,0x000000076c6399c8,0x0000000770200000)
  from space 10752K, 99% used [0x0000000770c80000,0x00000007716e8a50,0x0000000771700000)
  to   space 10752K, 0% used [0x0000000770200000,0x0000000770200000,0x0000000770c80000)
 ParOldGen       total 172032K, used 0K [0x00000006c4800000, 0x00000006cf000000, 0x000000076c300000)
  object space 172032K, 0% used [0x00000006c4800000,0x00000006c4800000,0x00000006cf000000)
 Metaspace       used 17625K, capacity 18590K, committed 18688K, reserved 1069056K
  class space    used 2225K, capacity 2535K, committed 2560K, reserved 1048576K
Event: 3.755 GC heap after
Heap after GC invocations=3 (full 0):
 PSYoungGen      total 75264K, used 9376K [0x000000076c300000, 0x0000000771700000, 0x00000007c0000000)
  eden space 64512K, 0% used [0x000000076c300000,0x000000076c300000,0x0000000770200000)
  from space 10752K, 87% used [0x0000000770200000,0x0000000770b28008,0x0000000770c80000)
  to   space 10752K, 0% used [0x0000000770c80000,0x0000000770c80000,0x0000000771700000)
 ParOldGen       total 172032K, used 0K [0x00000006c4800000, 0x00000006cf000000, 0x000000076c300000)
  object space 172032K, 0% used [0x00000006c4800000,0x00000006c4800000,0x00000006cf000000)
 Metaspace       used 17625K, capacity 18590K, committed 18688K, reserved 1069056K
  class space    used 2225K, capacity 2535K, committed 2560K, reserved 1048576K
}
Event: 3.755 GC heap before
{Heap before GC invocations=4 (full 1):
 PSYoungGen      total 75264K, used 9376K [0x000000076c300000, 0x0000000771700000, 0x00000007c0000000)
  eden space 64512K, 0% used [0x000000076c300000,0x000000076c300000,0x0000000770200000)
  from space 10752K, 87% used [0x0000000770200000,0x0000000770b28008,0x0000000770c80000)
  to   space 10752K, 0% used [0x0000000770c80000,0x0000000770c80000,0x0000000771700000)
 ParOldGen       total 172032K, used 0K [0x00000006c4800000, 0x00000006cf000000, 0x000000076c300000)
  object space 172032K, 0% used [0x00000006c4800000,0x00000006c4800000,0x00000006cf000000)
 Metaspace       used 17625K, capacity 18590K, committed 18688K, reserved 1069056K
  class space    used 2225K, capacity 2535K, committed 2560K, reserved 1048576K

Deoptimization events (0 events):
No events

Classes redefined (8 events):
Event: 1.437 Thread 0x000000001cb08800 redefined class name=com.zeroturnaround.jrebelbase.facade.ay, count=1
Event: 1.439 Thread 0x000000001cb08800 redefined class name=com.zeroturnaround.jrebelbase.facade.as, count=1
Event: 1.439 Thread 0x000000001cb08800 redefined class name=com.zeroturnaround.jrebelbase.facade.a, count=1
Event: 1.441 Thread 0x000000001cb08800 redefined class name=com.zeroturnaround.jrebelbase.d, count=1
Event: 1.442 Thread 0x000000001cb08800 redefined class name=com.zeroturnaround.jrebelbase.facade.f, count=1
Event: 1.443 Thread 0x000000001cb08800 redefined class name=com.zeroturnaround.jrebelbase.facade.e, count=1
Event: 1.444 Thread 0x000000001cb08800 redefined class name=com.zeroturnaround.jrebelbase.facade.g, count=1
Event: 1.445 Thread 0x000000001cb08800 redefined class name=com.zeroturnaround.jrebelbase.facade.ad, count=1

Internal exceptions (10 events):
Event: 0.521 Thread 0x0000000002fd7800 Exception <a 'java/security/PrivilegedActionException'> (0x000000076c9757e8) thrown at [C:\re\workspace\8-2-build-windows-amd64-cygwin\jdk8u181\11358\hotspot\src\share\vm\prims\jvm.cpp, line 1435]
Event: 0.521 Thread 0x0000000002fd7800 Exception <a 'java/security/PrivilegedActionException'> (0x000000076c9759f8) thrown at [C:\re\workspace\8-2-build-windows-amd64-cygwin\jdk8u181\11358\hotspot\src\share\vm\prims\jvm.cpp, line 1435]
Event: 0.744 Thread 0x0000000002fd7800 Exception <a 'java/lang/NoSuchFieldError': method resolution failed> (0x000000076ceb1a80) thrown at [C:\re\workspace\8-2-build-windows-amd64-cygwin\jdk8u181\11358\hotspot\src\share\vm\prims\methodHandles.cpp, line 1167]
Event: 0.747 Thread 0x0000000002fd7800 Exception <a 'java/lang/NoSuchFieldError': method resolution failed> (0x000000076cebf200) thrown at [C:\re\workspace\8-2-build-windows-amd64-cygwin\jdk8u181\11358\hotspot\src\share\vm\prims\methodHandles.cpp, line 1167]
Event: 0.799 Thread 0x0000000002fd7800 Exception <a 'java/lang/ClassNotFoundException': com/ibm/oti/vm/VM> (0x000000076d024e90) thrown at [C:\re\workspace\8-2-build-windows-amd64-cygwin\jdk8u181\11358\hotspot\src\share\vm\classfile\systemDictionary.cpp, line 210]
Event: 0.886 Thread 0x000000001f8d0000 Exception <a 'java/lang/ClassNotFoundException': com/ibm/oti/vm/VM> (0x000000076d3e1d30) thrown at [C:\re\workspace\8-2-build-windows-amd64-cygwin\jdk8u181\11358\hotspot\src\share\vm\classfile\systemDictionary.cpp, line 210]
Event: 0.978 Thread 0x000000001f8d3000 Exception <a 'java/lang/ClassNotFoundException': com/ibm/oti/vm/VM> (0x000000076ec57000) thrown at [C:\re\workspace\8-2-build-windows-amd64-cygwin\jdk8u181\11358\hotspot\src\share\vm\classfile\systemDictionary.cpp, line 210]
Event: 1.377 Thread 0x0000000002fd7800 Exception <a 'java/lang/NoClassDefFoundError': jdk/internal/misc/Unsafe> (0x000000077005ab00) thrown at [C:\re\workspace\8-2-build-windows-amd64-cygwin\jdk8u181\11358\hotspot\src\share\vm\classfile\systemDictionary.cpp, line 208]
Event: 1.400 Thread 0x0000000002fd7800 Exception <a 'java/lang/ClassNotFoundException': java/lang/invoke/MethodHandleImpl$FieldAccessor> (0x00000007700d1e80) thrown at [C:\re\workspace\8-2-build-windows-amd64-cygwin\jdk8u181\11358\hotspot\src\share\vm\classfile\systemDictionary.cpp, line 210]
Event: 1.448 Thread 0x0000000002fd7800 Exception <a 'java/lang/ClassNotFoundException': jdk/internal/misc/Unsafe> (0x00000007701894e8) thrown at [C:\re\workspace\8-2-build-windows-amd64-cygwin\jdk8u181\11358\hotspot\src\share\vm\classfile\systemDictionary.cpp, line 210]

Events (10 events):
Event: 3.748 loading class com/zeroturnaround/javarebel/lj
Event: 3.748 loading class com/zeroturnaround/javarebel/lj done
Event: 3.748 loading class com/zeroturnaround/javarebel/lc
Event: 3.748 loading class com/zeroturnaround/javarebel/hn
Event: 3.748 loading class com/zeroturnaround/javarebel/hn done
Event: 3.748 loading class com/zeroturnaround/javarebel/lc done
Event: 3.749 loading class com/zeroturnaround/javarebel/hm
Event: 3.749 loading class com/zeroturnaround/javarebel/hm done
Event: 3.749 loading class com/zeroturnaround/javarebel/hr
Event: 3.749 Executing VM operation: CollectForMetadataAllocation


Dynamic libraries:
0x00007ff7ee0d0000 - 0x00007ff7ee107000 	E:\Code\eviorment\JDK\jdk1.8.0_181\bin\java.exe
0x00007ffdc2290000 - 0x00007ffdc2485000 	C:\WINDOWS\SYSTEM32\ntdll.dll
0x00007ffdc1410000 - 0x00007ffdc14cd000 	C:\WINDOWS\System32\KERNEL32.DLL
0x00007ffdbfd90000 - 0x00007ffdc0059000 	C:\WINDOWS\System32\KERNELBASE.dll
0x00007ffdbcfe0000 - 0x00007ffdbd070000 	C:\WINDOWS\SYSTEM32\apphelp.dll
0x00007ffdc1fd0000 - 0x00007ffdc207c000 	C:\WINDOWS\System32\ADVAPI32.dll
0x00007ffdc0eb0000 - 0x00007ffdc0f4e000 	C:\WINDOWS\System32\msvcrt.dll
0x00007ffdc1e40000 - 0x00007ffdc1edc000 	C:\WINDOWS\System32\sechost.dll
0x00007ffdc0710000 - 0x00007ffdc083b000 	C:\WINDOWS\System32\RPCRT4.dll
0x00007ffdc1c90000 - 0x00007ffdc1e30000 	C:\WINDOWS\System32\USER32.dll
0x00007ffdc0110000 - 0x00007ffdc0132000 	C:\WINDOWS\System32\win32u.dll
0x00007ffdc1f40000 - 0x00007ffdc1f6a000 	C:\WINDOWS\System32\GDI32.dll
0x00007ffdbfb30000 - 0x00007ffdbfc3b000 	C:\WINDOWS\System32\gdi32full.dll
0x00007ffdbfc40000 - 0x00007ffdbfcdd000 	C:\WINDOWS\System32\msvcp_win.dll
0x00007ffdbfa30000 - 0x00007ffdbfb30000 	C:\WINDOWS\System32\ucrtbase.dll
0x00007ffda9430000 - 0x00007ffda96ca000 	C:\WINDOWS\WinSxS\amd64_microsoft.windows.common-controls_6595b64144ccf1df_6.0.19041.844_none_ca00b6081b84eb1d\COMCTL32.dll
0x00007ffdc2080000 - 0x00007ffdc20b0000 	C:\WINDOWS\System32\IMM32.DLL
0x000000005c6a0000 - 0x000000005c772000 	E:\Code\eviorment\JDK\jdk1.8.0_181\jre\bin\msvcr100.dll
0x000000005b100000 - 0x000000005b9a2000 	E:\Code\eviorment\JDK\jdk1.8.0_181\jre\bin\server\jvm.dll
0x00007ffdc0700000 - 0x00007ffdc0708000 	C:\WINDOWS\System32\PSAPI.DLL
0x00007ffdac780000 - 0x00007ffdac7a7000 	C:\WINDOWS\SYSTEM32\WINMM.dll
0x00007ffdb9210000 - 0x00007ffdb921a000 	C:\WINDOWS\SYSTEM32\VERSION.dll
0x00007ffdb8550000 - 0x00007ffdb8559000 	C:\WINDOWS\SYSTEM32\WSOCK32.dll
0x00007ffdc14d0000 - 0x00007ffdc153b000 	C:\WINDOWS\System32\WS2_32.dll
0x000000005c690000 - 0x000000005c69f000 	E:\Code\eviorment\JDK\jdk1.8.0_181\jre\bin\verify.dll
0x000000005c660000 - 0x000000005c689000 	E:\Code\eviorment\JDK\jdk1.8.0_181\jre\bin\java.dll
0x000000005c310000 - 0x000000005c345000 	E:\Code\eviorment\JDK\jdk1.8.0_181\jre\bin\jdwp.dll
0x000000005c5e0000 - 0x000000005c5e8000 	E:\Code\eviorment\JDK\jdk1.8.0_181\jre\bin\npt.dll
0x00007ffd96c60000 - 0x00007ffd96cad000 	C:\Users\t1551\AppData\Roaming\JetBrains\IntelliJIdea2021.3\plugins\jr-ide-idea\lib\jrebel6\lib\jrebel64.dll
0x00007ffdc1540000 - 0x00007ffdc1c82000 	C:\WINDOWS\System32\SHELL32.dll
0x00007ffdbf390000 - 0x00007ffdbf39c000 	C:\WINDOWS\SYSTEM32\CRYPTBASE.DLL
0x00007ffdc0840000 - 0x00007ffdc08ee000 	C:\WINDOWS\System32\shcore.dll
0x00007ffdc03a0000 - 0x00007ffdc06f5000 	C:\WINDOWS\System32\combase.dll
0x000000005c370000 - 0x000000005c393000 	E:\Code\eviorment\JDK\jdk1.8.0_181\jre\bin\instrument.dll
0x000000005c640000 - 0x000000005c656000 	E:\Code\eviorment\JDK\jdk1.8.0_181\jre\bin\zip.dll
0x00007ffdbd7d0000 - 0x00007ffdbdf60000 	C:\WINDOWS\SYSTEM32\windows.storage.dll
0x00007ffdbf440000 - 0x00007ffdbf46c000 	C:\WINDOWS\SYSTEM32\Wldp.dll
0x00007ffdc1020000 - 0x00007ffdc1075000 	C:\WINDOWS\System32\shlwapi.dll
0x00007ffdbf910000 - 0x00007ffdbf92f000 	C:\WINDOWS\SYSTEM32\profapi.dll
0x000000005c300000 - 0x000000005c309000 	E:\Code\eviorment\JDK\jdk1.8.0_181\jre\bin\dt_socket.dll
0x00007ffd87080000 - 0x00007ffd8718d000 	C:\WINDOWS\SysWOW64\ierd_tgp_lsp64.dll
0x00007ffdc1080000 - 0x00007ffdc11aa000 	C:\WINDOWS\System32\ole32.dll
0x00007ffdbf1c0000 - 0x00007ffdbf22a000 	C:\WINDOWS\system32\mswsock.dll
0x000000005c630000 - 0x000000005c63d000 	E:\Code\eviorment\JDK\jdk1.8.0_181\jre\bin\management.dll
0x000000005c610000 - 0x000000005c62a000 	E:\Code\eviorment\JDK\jdk1.8.0_181\jre\bin\net.dll
0x000000005c5f0000 - 0x000000005c601000 	E:\Code\eviorment\JDK\jdk1.8.0_181\jre\bin\nio.dll
0x000000005bf80000 - 0x000000005bfa4000 	E:\Code\eviorment\JDK\jdk1.8.0_181\jre\bin\sunec.dll
0x00007ffdb8510000 - 0x00007ffdb852b000 	C:\Users\t1551\.jrebel\jrebel-temp\ver-42d85416\IdeaWin64.dll
0x000000005c2f0000 - 0x000000005c2fb000 	E:\Code\eviorment\JDK\jdk1.8.0_181\jre\bin\sunmscapi.dll
0x00007ffdc0140000 - 0x00007ffdc029f000 	C:\WINDOWS\System32\CRYPT32.dll

VM Arguments:
jvm_args: -agentlib:jdwp=transport=dt_socket,address=127.0.0.1:6261,suspend=y,server=n -Drebel.base=C:\Users\t1551\.jrebel -Drebel.env.ide.plugin.version=2022.2.2 -Drebel.env.ide.version=2021.3.3 -Drebel.env.ide.product=IU -Drebel.env.ide=intellij -Drebel.notification.url=http://localhost:17434 -agentpath:C:\Users\t1551\AppData\Roaming\JetBrains\IntelliJIdea2021.3\plugins\jr-ide-idea\lib\jrebel6\lib\jrebel64.dll -XX:TieredStopAtLevel=1 -Xverify:none -Dspring.output.ansi.enabled=always -Dcom.sun.management.jmxremote -Dspring.jmx.enabled=true -Dspring.liveBeansView.mbeanDomain -Dspring.application.admin.enabled=true -javaagent:C:\Users\t1551\AppData\Local\JetBrains\IntelliJIdea2021.3\captureAgent\debugger-agent.jar -Dfile.encoding=UTF-8 
java_command: com.backend.service.ServiceOneApplication
java_class_path (initial): E:\Code\eviorment\JDK\jdk1.8.0_181\jre\lib\charsets.jar;E:\Code\eviorment\JDK\jdk1.8.0_181\jre\lib\deploy.jar;E:\Code\eviorment\JDK\jdk1.8.0_181\jre\lib\ext\access-bridge-64.jar;E:\Code\eviorment\JDK\jdk1.8.0_181\jre\lib\ext\cldrdata.jar;E:\Code\eviorment\JDK\jdk1.8.0_181\jre\lib\ext\dnsns.jar;E:\Code\eviorment\JDK\jdk1.8.0_181\jre\lib\ext\jaccess.jar;E:\Code\eviorment\JDK\jdk1.8.0_181\jre\lib\ext\jfxrt.jar;E:\Code\eviorment\JDK\jdk1.8.0_181\jre\lib\ext\localedata.jar;E:\Code\eviorment\JDK\jdk1.8.0_181\jre\lib\ext\nashorn.jar;E:\Code\eviorment\JDK\jdk1.8.0_181\jre\lib\ext\sunec.jar;E:\Code\eviorment\JDK\jdk1.8.0_181\jre\lib\ext\sunjce_provider.jar;E:\Code\eviorment\JDK\jdk1.8.0_181\jre\lib\ext\sunmscapi.jar;E:\Code\eviorment\JDK\jdk1.8.0_181\jre\lib\ext\sunpkcs11.jar;E:\Code\eviorment\JDK\jdk1.8.0_181\jre\lib\ext\zipfs.jar;E:\Code\eviorment\JDK\jdk1.8.0_181\jre\lib\javaws.jar;E:\Code\eviorment\JDK\jdk1.8.0_181\jre\lib\jce.jar;E:\Code\eviorment\JDK\jdk1.8.0_181\jre\lib\jfr.jar;E:\Code\eviorment\JDK\jdk1.8.0_181\jre\lib\jfxswt.jar;E:\Code\eviorment\JDK\jdk1.8.0_181\jre\lib\jsse.jar;E:\Code\eviorment\JDK\jdk1.8.0_181\jre\lib\management-agent.jar;E:\Code\eviorment\JDK\jdk1.8.0_181\jre\lib\plugin.jar;E:\Code\eviorment\JDK\jdk1.8.0_181\jre\lib\resources.jar;E:\Code\eviorment\JDK\jdk1.8.0_181\jre\lib\rt.jar;F:\project\scafflod\scaffold\service-one\service-one-web\target\classes;F:\project\scafflod\scaffold\oauth\oauth-common\target\classes;F:\tools\Maven\repository\org\springframework\boot\spring-boot-starter-web\2.2.5.RELEASE\spring-boot-starter-web-2.2.5.RELEASE.jar;F:\tools\Maven\repository\org\springframework\boot\spring-boot-starter-json\2.2.5.RELEASE\spring-boot-starter-json-2.2.5.RELEASE.jar;F:\tools\Maven\repository\com\fasterxml\jackson\datatype\jackson-datatype-jdk8\2.10.2\jackson-datatype-jdk8-2.10.2.jar;F:\tools\Maven\repository\com\fasterxml\jackson\module\jackson-module-parameter-names\2.10.2\jackson-module-parameter-names-2.10.2.
Launcher Type: SUN_STANDARD

Environment Variables:
JAVA_HOME=E:\Code\eviorment\JDK\jdk1.8.0_181
CLASSPATH=.;E:\Code\eviorment\JDK\jdk1.8.0_181\lib\dt.jar;E:\Code\eviorment\JDK\jdk1.8.0_181\lib\tools.jar
PATH=C:\Program Files\NVIDIA GPU Computing Toolkit\CUDA\v11.5\bin;C:\Program Files\NVIDIA GPU Computing Toolkit\CUDA\v11.5\libnvvp;C:\Program Files (x86)\Common Files\NetSarang;F:\oracle\product\10.2.0\db_2\bin;C:\Program Files (x86)\Intel\iCLS Client\;C:\Program Files\Intel\iCLS Client\;C:\Windows\system32;C:\Windows;C:\Windows\System32\Wbem;C:\Windows\System32\WindowsPowerShell\v1.0\;C:\Program Files (x86)\Intel\Intel(R) Management Engine Components\DAL;C:\Program Files\Intel\Intel(R) Management Engine Components\DAL;C:\Program Files (x86)\Intel\Intel(R) Management Engine Components\IPT;C:\Program Files\Intel\Intel(R) Management Engine Components\IPT;C:\Program Files (x86)\NVIDIA Corporation\PhysX\Common;C:\WINDOWS\system32;C:\WINDOWS;C:\WINDOWS\System32\Wbem;C:\WINDOWS\System32\WindowsPowerShell\v1.0\;F:\MySQL\bin;F:\MySQL\mysql\bin;F:\tools\SVN\SVN\bin;E:\Code\eviorment\JDK\jdk1.8.0_181\bin;E:\Code\eviorment\JDK\jdk1.8.0_181\jre\bin;F:\tools\webStorm\node.js\;F:\tools\GIT\git\Git\cmd;F:\tools\SVN\svn11\bin;E:\Code\eviorment\Maven\3.3.9\apache-maven-3.3.9\bin;C:\WINDOWS\System32\OpenSSH\;F:\tools\ffmpeg\source\ffmpeg-master-latest-win64-gpl\bin;F:\tools\python\3.6.2\Scripts;F:\tools\Anacodna\app\Library\mingw-w64\bin;F:\tools\Anacodna\app\Scripts;F:\tools\Anacodna\app\Library\bin;F:\tools\Anacodna\app\bin;F:\tools\Anacodna\app\bin;C:\Program Files\NVIDIA Corporation\Nsight Compute 2021.3.1\;C:\Program Files\NVIDIA Corporation\NVIDIA NvDLISR;%MYSQL_HOME%\bin;C:\Program Files\MySQL\MySQL Shell 8.0\bin\;F:\tools\python\3.6.2\Scripts\;F:\tools\python\3.6.2\;C:\Users\t1551\AppData\Local\Microsoft\WindowsApps;C:\Users\t1551\AppData\Roaming\npm;F:\tools\idea\app\IntelliJ IDEA 2021.3.3\bin;;C:\Users\t1551\AppData\Local\GitHubDesktop\bin
USERNAME=Allen
OS=Windows_NT
PROCESSOR_IDENTIFIER=Intel64 Family 6 Model 158 Stepping 9, GenuineIntel



---------------  S Y S T E M  ---------------

OS: Windows 10.0 , 64 bit Build 19041 (10.0.19041.804)

CPU:total 8 (initial active 8) (4 cores per cpu, 2 threads per core) family 6 model 158 stepping 9, cmov, cx8, fxsr, mmx, sse, sse2, sse3, ssse3, sse4.1, sse4.2, popcnt, avx, avx2, aes, clmul, erms, 3dnowpref, lzcnt, ht, tsc, tscinvbit, bmi1, bmi2, adx

Memory: 4k page, physical 16476824k(2678080k free), swap 20671128k(4124k free)

vm_info: Java HotSpot(TM) 64-Bit Server VM (25.181-b13) for windows-amd64 JRE (1.8.0_181-b13), built on Jul  7 2018 04:01:33 by "java_re" with MS VC++ 10.0 (VS2010)

time: Sat Jun 11 12:48:37 2022
elapsed time: 3 seconds (0d 0h 0m 3s)

